<?xml version="1.0" encoding="UTF-8" ?>
<testsuite tests="5" failures="1" name="com.alon.querydecoder.test.QueryDecoderTest" time="105.591" errors="0" skipped="0">
  <properties>
[...]
</properties>
  <testcase classname="com.alon.querydecoder.test.QueryDecoderTest" name="com.alon.querydecoder.test.QueryDecoderTest.testResolvedStringLevelOne" time="0.062"/>
  <testcase classname="com.alon.querydecoder.test.QueryDecoderTest" name="com.alon.querydecoder.test.QueryDecoderTest.testResolvedStringLevelTwo" time="0.001"/>
  <testcase classname="com.alon.querydecoder.test.QueryDecoderTest" name="com.alon.querydecoder.test.QueryDecoderTest.testResolvedStringLevelThree" time="0.002"/>
  <testcase classname="com.alon.querydecoder.test.QueryDecoderTest" name="com.alon.querydecoder.test.QueryDecoderTest.testResolvedStringLevelFour" time="0.008"/>
  <testcase classname="com.alon.querydecoder.test.QueryDecoderTest" name="com.alon.querydecoder.test.QueryDecoderTest.testResolvedStringLevelFive" time="105.518">
    <failure message="expected: &lt;nome[CT]:Paulo AND (sobrenome[CT]:Alonso OR idade[LTE]:40) AND profissao[EQ]:Programador&gt; but was: &lt;nome[CT]:Paulo AND (sobrenome[CT]:Alonso OR idade[LTE]:40 AND profissao[EQ]:Programador)&gt;" type="org.opentest4j.AssertionFailedError">org.opentest4j.AssertionFailedError: expected: &lt;nome[CT]:Paulo AND (sobrenome[CT]:Alonso OR idade[LTE]:40) AND profissao[EQ]:Programador&gt; but was: &lt;nome[CT]:Paulo AND (sobrenome[CT]:Alonso OR idade[LTE]:40 AND profissao[EQ]:Programador)&gt;
	at org.junit.jupiter.api.AssertionUtils.fail(AssertionUtils.java:54)
	at org.junit.jupiter.api.AssertEquals.failNotEqual(AssertEquals.java:195)
	at org.junit.jupiter.api.AssertEquals.assertEquals(AssertEquals.java:184)
	at org.junit.jupiter.api.AssertEquals.assertEquals(AssertEquals.java:179)
	at org.junit.jupiter.api.Assertions.assertEquals(Assertions.java:508)
	at com.alon.querydecoder.test.QueryDecoderTest.testResolvedStringLevelFive(QueryDecoderTest.java:74)
</failure>
  </testcase>
</testsuite>